<?xml version="1.0" encoding="UTF-8"?>
<testsuite xmlns:xsi="http://www.w3.org/2001/XMLSchema-instance" xsi:noNamespaceSchemaLocation="https://maven.apache.org/surefire/maven-surefire-plugin/xsd/surefire-test-report.xsd" name="mflix.lessons.MongoClientLesson" time="6.448" tests="4" errors="4" skipped="0" failures="0">
  <properties>
    <property name="gopherProxySet" value="false"/>
    <property name="awt.toolkit" value="sun.lwawt.macosx.LWCToolkit"/>
    <property name="file.encoding.pkg" value="sun.io"/>
    <property name="java.specification.version" value="1.8"/>
    <property name="sun.cpu.isalist" value=""/>
    <property name="sun.jnu.encoding" value="UTF-8"/>
    <property name="java.class.path" value="/Users/asisbasak/Documents/workspace/mflix-java/mflix/target/test-classes:/Users/asisbasak/Documents/workspace/mflix-java/mflix/target/classes:/Users/asisbasak/.m2/repository/org/springframework/boot/spring-boot-starter-web/2.0.3.RELEASE/spring-boot-starter-web-2.0.3.RELEASE.jar:/Users/asisbasak/.m2/repository/org/springframework/boot/spring-boot-starter/2.0.3.RELEASE/spring-boot-starter-2.0.3.RELEASE.jar:/Users/asisbasak/.m2/repository/org/springframework/boot/spring-boot-starter-logging/2.0.3.RELEASE/spring-boot-starter-logging-2.0.3.RELEASE.jar:/Users/asisbasak/.m2/repository/ch/qos/logback/logback-classic/1.2.3/logback-classic-1.2.3.jar:/Users/asisbasak/.m2/repository/ch/qos/logback/logback-core/1.2.3/logback-core-1.2.3.jar:/Users/asisbasak/.m2/repository/org/apache/logging/log4j/log4j-to-slf4j/2.10.0/log4j-to-slf4j-2.10.0.jar:/Users/asisbasak/.m2/repository/org/apache/logging/log4j/log4j-api/2.10.0/log4j-api-2.10.0.jar:/Users/asisbasak/.m2/repository/org/slf4j/jul-to-slf4j/1.7.25/jul-to-slf4j-1.7.25.jar:/Users/asisbasak/.m2/repository/javax/annotation/javax.annotation-api/1.3.2/javax.annotation-api-1.3.2.jar:/Users/asisbasak/.m2/repository/org/yaml/snakeyaml/1.19/snakeyaml-1.19.jar:/Users/asisbasak/.m2/repository/org/springframework/boot/spring-boot-starter-json/2.0.3.RELEASE/spring-boot-starter-json-2.0.3.RELEASE.jar:/Users/asisbasak/.m2/repository/com/fasterxml/jackson/datatype/jackson-datatype-jdk8/2.9.6/jackson-datatype-jdk8-2.9.6.jar:/Users/asisbasak/.m2/repository/com/fasterxml/jackson/datatype/jackson-datatype-jsr310/2.9.6/jackson-datatype-jsr310-2.9.6.jar:/Users/asisbasak/.m2/repository/com/fasterxml/jackson/module/jackson-module-parameter-names/2.9.6/jackson-module-parameter-names-2.9.6.jar:/Users/asisbasak/.m2/repository/org/springframework/boot/spring-boot-starter-tomcat/2.0.3.RELEASE/spring-boot-starter-tomcat-2.0.3.RELEASE.jar:/Users/asisbasak/.m2/repository/org/apache/tomcat/embed/tomcat-embed-core/8.5.31/tomcat-embed-core-8.5.31.jar:/Users/asisbasak/.m2/repository/org/apache/tomcat/embed/tomcat-embed-el/8.5.31/tomcat-embed-el-8.5.31.jar:/Users/asisbasak/.m2/repository/org/apache/tomcat/embed/tomcat-embed-websocket/8.5.31/tomcat-embed-websocket-8.5.31.jar:/Users/asisbasak/.m2/repository/org/hibernate/validator/hibernate-validator/6.0.10.Final/hibernate-validator-6.0.10.Final.jar:/Users/asisbasak/.m2/repository/javax/validation/validation-api/2.0.1.Final/validation-api-2.0.1.Final.jar:/Users/asisbasak/.m2/repository/org/jboss/logging/jboss-logging/3.3.2.Final/jboss-logging-3.3.2.Final.jar:/Users/asisbasak/.m2/repository/com/fasterxml/classmate/1.3.4/classmate-1.3.4.jar:/Users/asisbasak/.m2/repository/org/springframework/spring-webmvc/5.0.7.RELEASE/spring-webmvc-5.0.7.RELEASE.jar:/Users/asisbasak/.m2/repository/org/springframework/boot/spring-boot-starter-test/2.0.3.RELEASE/spring-boot-starter-test-2.0.3.RELEASE.jar:/Users/asisbasak/.m2/repository/org/springframework/boot/spring-boot-test/2.0.3.RELEASE/spring-boot-test-2.0.3.RELEASE.jar:/Users/asisbasak/.m2/repository/org/springframework/boot/spring-boot-test-autoconfigure/2.0.3.RELEASE/spring-boot-test-autoconfigure-2.0.3.RELEASE.jar:/Users/asisbasak/.m2/repository/com/jayway/jsonpath/json-path/2.4.0/json-path-2.4.0.jar:/Users/asisbasak/.m2/repository/net/minidev/json-smart/2.3/json-smart-2.3.jar:/Users/asisbasak/.m2/repository/net/minidev/accessors-smart/1.2/accessors-smart-1.2.jar:/Users/asisbasak/.m2/repository/org/ow2/asm/asm/5.0.4/asm-5.0.4.jar:/Users/asisbasak/.m2/repository/org/slf4j/slf4j-api/1.7.25/slf4j-api-1.7.25.jar:/Users/asisbasak/.m2/repository/junit/junit/4.12/junit-4.12.jar:/Users/asisbasak/.m2/repository/org/assertj/assertj-core/3.9.1/assertj-core-3.9.1.jar:/Users/asisbasak/.m2/repository/org/mockito/mockito-core/2.15.0/mockito-core-2.15.0.jar:/Users/asisbasak/.m2/repository/net/bytebuddy/byte-buddy/1.7.9/byte-buddy-1.7.9.jar:/Users/asisbasak/.m2/repository/net/bytebuddy/byte-buddy-agent/1.7.9/byte-buddy-agent-1.7.9.jar:/Users/asisbasak/.m2/repository/org/objenesis/objenesis/2.6/objenesis-2.6.jar:/Users/asisbasak/.m2/repository/org/hamcrest/hamcrest-core/1.3/hamcrest-core-1.3.jar:/Users/asisbasak/.m2/repository/org/hamcrest/hamcrest-library/1.3/hamcrest-library-1.3.jar:/Users/asisbasak/.m2/repository/org/skyscreamer/jsonassert/1.5.0/jsonassert-1.5.0.jar:/Users/asisbasak/.m2/repository/com/vaadin/external/google/android-json/0.0.20131108.vaadin1/android-json-0.0.20131108.vaadin1.jar:/Users/asisbasak/.m2/repository/org/springframework/spring-test/5.0.7.RELEASE/spring-test-5.0.7.RELEASE.jar:/Users/asisbasak/.m2/repository/org/xmlunit/xmlunit-core/2.5.1/xmlunit-core-2.5.1.jar:/Users/asisbasak/.m2/repository/org/springframework/boot/spring-boot-starter-security/2.0.4.RELEASE/spring-boot-starter-security-2.0.4.RELEASE.jar:/Users/asisbasak/.m2/repository/org/springframework/spring-aop/5.0.8.RELEASE/spring-aop-5.0.8.RELEASE.jar:/Users/asisbasak/.m2/repository/org/springframework/security/spring-security-config/5.0.7.RELEASE/spring-security-config-5.0.7.RELEASE.jar:/Users/asisbasak/.m2/repository/org/springframework/security/spring-security-core/5.0.7.RELEASE/spring-security-core-5.0.7.RELEASE.jar:/Users/asisbasak/.m2/repository/org/springframework/security/spring-security-web/5.0.7.RELEASE/spring-security-web-5.0.7.RELEASE.jar:/Users/asisbasak/.m2/repository/org/springframework/boot/spring-boot/2.0.4.RELEASE/spring-boot-2.0.4.RELEASE.jar:/Users/asisbasak/.m2/repository/org/springframework/spring-context/5.0.7.RELEASE/spring-context-5.0.7.RELEASE.jar:/Users/asisbasak/.m2/repository/org/springframework/spring-beans/5.0.7.RELEASE/spring-beans-5.0.7.RELEASE.jar:/Users/asisbasak/.m2/repository/org/springframework/spring-expression/5.0.7.RELEASE/spring-expression-5.0.7.RELEASE.jar:/Users/asisbasak/.m2/repository/org/springframework/spring-core/5.0.7.RELEASE/spring-core-5.0.7.RELEASE.jar:/Users/asisbasak/.m2/repository/org/springframework/spring-jcl/5.0.7.RELEASE/spring-jcl-5.0.7.RELEASE.jar:/Users/asisbasak/.m2/repository/org/springframework/boot/spring-boot-autoconfigure/2.0.3.RELEASE/spring-boot-autoconfigure-2.0.3.RELEASE.jar:/Users/asisbasak/.m2/repository/org/springframework/spring-web/5.0.7.RELEASE/spring-web-5.0.7.RELEASE.jar:/Users/asisbasak/.m2/repository/io/jsonwebtoken/jjwt/0.9.1/jjwt-0.9.1.jar:/Users/asisbasak/.m2/repository/com/fasterxml/jackson/core/jackson-databind/2.9.6/jackson-databind-2.9.6.jar:/Users/asisbasak/.m2/repository/com/fasterxml/jackson/core/jackson-annotations/2.9.0/jackson-annotations-2.9.0.jar:/Users/asisbasak/.m2/repository/com/fasterxml/jackson/core/jackson-core/2.9.6/jackson-core-2.9.6.jar:/Users/asisbasak/.m2/repository/org/junit/jupiter/junit-jupiter-api/5.1.0/junit-jupiter-api-5.1.0.jar:/Users/asisbasak/.m2/repository/org/apiguardian/apiguardian-api/1.0.0/apiguardian-api-1.0.0.jar:/Users/asisbasak/.m2/repository/org/opentest4j/opentest4j/1.0.0/opentest4j-1.0.0.jar:/Users/asisbasak/.m2/repository/org/junit/platform/junit-platform-commons/1.1.0/junit-platform-commons-1.1.0.jar:/Users/asisbasak/.m2/repository/org/mongodb/mongodb-driver-sync/3.9.1/mongodb-driver-sync-3.9.1.jar:/Users/asisbasak/.m2/repository/org/mongodb/bson/3.9.1/bson-3.9.1.jar:/Users/asisbasak/.m2/repository/org/mongodb/mongodb-driver-core/3.9.1/mongodb-driver-core-3.9.1.jar:"/>
    <property name="java.vm.vendor" value="Oracle Corporation"/>
    <property name="sun.arch.data.model" value="64"/>
    <property name="java.vendor.url" value="http://java.oracle.com/"/>
    <property name="user.timezone" value=""/>
    <property name="java.vm.specification.version" value="1.8"/>
    <property name="os.name" value="Mac OS X"/>
    <property name="sun.java.launcher" value="SUN_STANDARD"/>
    <property name="user.country" value="IN"/>
    <property name="sun.boot.library.path" value="/Users/asisbasak/Documents/graalvm-ce-19.1.1/Contents/Home/jre/lib"/>
    <property name="sun.java.command" value="/Users/asisbasak/Documents/workspace/mflix-java/mflix/target/surefire/surefirebooter41400356877296091.jar /Users/asisbasak/Documents/workspace/mflix-java/mflix/target/surefire 2019-08-21T23-49-27_589-jvmRun1 surefire7090495827758452944tmp surefire_07225500000961630783tmp"/>
    <property name="http.nonProxyHosts" value="local|*.local|169.254/16|*.169.254/16"/>
    <property name="test" value="MongoClientLesson"/>
    <property name="surefire.test.class.path" value="/Users/asisbasak/Documents/workspace/mflix-java/mflix/target/test-classes:/Users/asisbasak/Documents/workspace/mflix-java/mflix/target/classes:/Users/asisbasak/.m2/repository/org/springframework/boot/spring-boot-starter-web/2.0.3.RELEASE/spring-boot-starter-web-2.0.3.RELEASE.jar:/Users/asisbasak/.m2/repository/org/springframework/boot/spring-boot-starter/2.0.3.RELEASE/spring-boot-starter-2.0.3.RELEASE.jar:/Users/asisbasak/.m2/repository/org/springframework/boot/spring-boot-starter-logging/2.0.3.RELEASE/spring-boot-starter-logging-2.0.3.RELEASE.jar:/Users/asisbasak/.m2/repository/ch/qos/logback/logback-classic/1.2.3/logback-classic-1.2.3.jar:/Users/asisbasak/.m2/repository/ch/qos/logback/logback-core/1.2.3/logback-core-1.2.3.jar:/Users/asisbasak/.m2/repository/org/apache/logging/log4j/log4j-to-slf4j/2.10.0/log4j-to-slf4j-2.10.0.jar:/Users/asisbasak/.m2/repository/org/apache/logging/log4j/log4j-api/2.10.0/log4j-api-2.10.0.jar:/Users/asisbasak/.m2/repository/org/slf4j/jul-to-slf4j/1.7.25/jul-to-slf4j-1.7.25.jar:/Users/asisbasak/.m2/repository/javax/annotation/javax.annotation-api/1.3.2/javax.annotation-api-1.3.2.jar:/Users/asisbasak/.m2/repository/org/yaml/snakeyaml/1.19/snakeyaml-1.19.jar:/Users/asisbasak/.m2/repository/org/springframework/boot/spring-boot-starter-json/2.0.3.RELEASE/spring-boot-starter-json-2.0.3.RELEASE.jar:/Users/asisbasak/.m2/repository/com/fasterxml/jackson/datatype/jackson-datatype-jdk8/2.9.6/jackson-datatype-jdk8-2.9.6.jar:/Users/asisbasak/.m2/repository/com/fasterxml/jackson/datatype/jackson-datatype-jsr310/2.9.6/jackson-datatype-jsr310-2.9.6.jar:/Users/asisbasak/.m2/repository/com/fasterxml/jackson/module/jackson-module-parameter-names/2.9.6/jackson-module-parameter-names-2.9.6.jar:/Users/asisbasak/.m2/repository/org/springframework/boot/spring-boot-starter-tomcat/2.0.3.RELEASE/spring-boot-starter-tomcat-2.0.3.RELEASE.jar:/Users/asisbasak/.m2/repository/org/apache/tomcat/embed/tomcat-embed-core/8.5.31/tomcat-embed-core-8.5.31.jar:/Users/asisbasak/.m2/repository/org/apache/tomcat/embed/tomcat-embed-el/8.5.31/tomcat-embed-el-8.5.31.jar:/Users/asisbasak/.m2/repository/org/apache/tomcat/embed/tomcat-embed-websocket/8.5.31/tomcat-embed-websocket-8.5.31.jar:/Users/asisbasak/.m2/repository/org/hibernate/validator/hibernate-validator/6.0.10.Final/hibernate-validator-6.0.10.Final.jar:/Users/asisbasak/.m2/repository/javax/validation/validation-api/2.0.1.Final/validation-api-2.0.1.Final.jar:/Users/asisbasak/.m2/repository/org/jboss/logging/jboss-logging/3.3.2.Final/jboss-logging-3.3.2.Final.jar:/Users/asisbasak/.m2/repository/com/fasterxml/classmate/1.3.4/classmate-1.3.4.jar:/Users/asisbasak/.m2/repository/org/springframework/spring-webmvc/5.0.7.RELEASE/spring-webmvc-5.0.7.RELEASE.jar:/Users/asisbasak/.m2/repository/org/springframework/boot/spring-boot-starter-test/2.0.3.RELEASE/spring-boot-starter-test-2.0.3.RELEASE.jar:/Users/asisbasak/.m2/repository/org/springframework/boot/spring-boot-test/2.0.3.RELEASE/spring-boot-test-2.0.3.RELEASE.jar:/Users/asisbasak/.m2/repository/org/springframework/boot/spring-boot-test-autoconfigure/2.0.3.RELEASE/spring-boot-test-autoconfigure-2.0.3.RELEASE.jar:/Users/asisbasak/.m2/repository/com/jayway/jsonpath/json-path/2.4.0/json-path-2.4.0.jar:/Users/asisbasak/.m2/repository/net/minidev/json-smart/2.3/json-smart-2.3.jar:/Users/asisbasak/.m2/repository/net/minidev/accessors-smart/1.2/accessors-smart-1.2.jar:/Users/asisbasak/.m2/repository/org/ow2/asm/asm/5.0.4/asm-5.0.4.jar:/Users/asisbasak/.m2/repository/org/slf4j/slf4j-api/1.7.25/slf4j-api-1.7.25.jar:/Users/asisbasak/.m2/repository/junit/junit/4.12/junit-4.12.jar:/Users/asisbasak/.m2/repository/org/assertj/assertj-core/3.9.1/assertj-core-3.9.1.jar:/Users/asisbasak/.m2/repository/org/mockito/mockito-core/2.15.0/mockito-core-2.15.0.jar:/Users/asisbasak/.m2/repository/net/bytebuddy/byte-buddy/1.7.9/byte-buddy-1.7.9.jar:/Users/asisbasak/.m2/repository/net/bytebuddy/byte-buddy-agent/1.7.9/byte-buddy-agent-1.7.9.jar:/Users/asisbasak/.m2/repository/org/objenesis/objenesis/2.6/objenesis-2.6.jar:/Users/asisbasak/.m2/repository/org/hamcrest/hamcrest-core/1.3/hamcrest-core-1.3.jar:/Users/asisbasak/.m2/repository/org/hamcrest/hamcrest-library/1.3/hamcrest-library-1.3.jar:/Users/asisbasak/.m2/repository/org/skyscreamer/jsonassert/1.5.0/jsonassert-1.5.0.jar:/Users/asisbasak/.m2/repository/com/vaadin/external/google/android-json/0.0.20131108.vaadin1/android-json-0.0.20131108.vaadin1.jar:/Users/asisbasak/.m2/repository/org/springframework/spring-test/5.0.7.RELEASE/spring-test-5.0.7.RELEASE.jar:/Users/asisbasak/.m2/repository/org/xmlunit/xmlunit-core/2.5.1/xmlunit-core-2.5.1.jar:/Users/asisbasak/.m2/repository/org/springframework/boot/spring-boot-starter-security/2.0.4.RELEASE/spring-boot-starter-security-2.0.4.RELEASE.jar:/Users/asisbasak/.m2/repository/org/springframework/spring-aop/5.0.8.RELEASE/spring-aop-5.0.8.RELEASE.jar:/Users/asisbasak/.m2/repository/org/springframework/security/spring-security-config/5.0.7.RELEASE/spring-security-config-5.0.7.RELEASE.jar:/Users/asisbasak/.m2/repository/org/springframework/security/spring-security-core/5.0.7.RELEASE/spring-security-core-5.0.7.RELEASE.jar:/Users/asisbasak/.m2/repository/org/springframework/security/spring-security-web/5.0.7.RELEASE/spring-security-web-5.0.7.RELEASE.jar:/Users/asisbasak/.m2/repository/org/springframework/boot/spring-boot/2.0.4.RELEASE/spring-boot-2.0.4.RELEASE.jar:/Users/asisbasak/.m2/repository/org/springframework/spring-context/5.0.7.RELEASE/spring-context-5.0.7.RELEASE.jar:/Users/asisbasak/.m2/repository/org/springframework/spring-beans/5.0.7.RELEASE/spring-beans-5.0.7.RELEASE.jar:/Users/asisbasak/.m2/repository/org/springframework/spring-expression/5.0.7.RELEASE/spring-expression-5.0.7.RELEASE.jar:/Users/asisbasak/.m2/repository/org/springframework/spring-core/5.0.7.RELEASE/spring-core-5.0.7.RELEASE.jar:/Users/asisbasak/.m2/repository/org/springframework/spring-jcl/5.0.7.RELEASE/spring-jcl-5.0.7.RELEASE.jar:/Users/asisbasak/.m2/repository/org/springframework/boot/spring-boot-autoconfigure/2.0.3.RELEASE/spring-boot-autoconfigure-2.0.3.RELEASE.jar:/Users/asisbasak/.m2/repository/org/springframework/spring-web/5.0.7.RELEASE/spring-web-5.0.7.RELEASE.jar:/Users/asisbasak/.m2/repository/io/jsonwebtoken/jjwt/0.9.1/jjwt-0.9.1.jar:/Users/asisbasak/.m2/repository/com/fasterxml/jackson/core/jackson-databind/2.9.6/jackson-databind-2.9.6.jar:/Users/asisbasak/.m2/repository/com/fasterxml/jackson/core/jackson-annotations/2.9.0/jackson-annotations-2.9.0.jar:/Users/asisbasak/.m2/repository/com/fasterxml/jackson/core/jackson-core/2.9.6/jackson-core-2.9.6.jar:/Users/asisbasak/.m2/repository/org/junit/jupiter/junit-jupiter-api/5.1.0/junit-jupiter-api-5.1.0.jar:/Users/asisbasak/.m2/repository/org/apiguardian/apiguardian-api/1.0.0/apiguardian-api-1.0.0.jar:/Users/asisbasak/.m2/repository/org/opentest4j/opentest4j/1.0.0/opentest4j-1.0.0.jar:/Users/asisbasak/.m2/repository/org/junit/platform/junit-platform-commons/1.1.0/junit-platform-commons-1.1.0.jar:/Users/asisbasak/.m2/repository/org/mongodb/mongodb-driver-sync/3.9.1/mongodb-driver-sync-3.9.1.jar:/Users/asisbasak/.m2/repository/org/mongodb/bson/3.9.1/bson-3.9.1.jar:/Users/asisbasak/.m2/repository/org/mongodb/mongodb-driver-core/3.9.1/mongodb-driver-core-3.9.1.jar:"/>
    <property name="sun.cpu.endian" value="little"/>
    <property name="user.home" value="/Users/asisbasak"/>
    <property name="user.language" value="en"/>
    <property name="java.specification.vendor" value="Oracle Corporation"/>
    <property name="java.home" value="/Users/asisbasak/Documents/graalvm-ce-19.1.1/Contents/Home/jre"/>
    <property name="basedir" value="/Users/asisbasak/Documents/workspace/mflix-java/mflix"/>
    <property name="file.separator" value="/"/>
    <property name="line.separator" value="&#10;"/>
    <property name="java.vm.specification.vendor" value="Oracle Corporation"/>
    <property name="java.specification.name" value="Java Platform API Specification"/>
    <property name="java.awt.graphicsenv" value="sun.awt.CGraphicsEnvironment"/>
    <property name="surefire.real.class.path" value="/Users/asisbasak/Documents/workspace/mflix-java/mflix/target/surefire/surefirebooter41400356877296091.jar"/>
    <property name="sun.boot.class.path" value="/Users/asisbasak/Documents/graalvm-ce-19.1.1/Contents/Home/jre/lib/resources.jar:/Users/asisbasak/Documents/graalvm-ce-19.1.1/Contents/Home/jre/lib/rt.jar:/Users/asisbasak/Documents/graalvm-ce-19.1.1/Contents/Home/jre/lib/sunrsasign.jar:/Users/asisbasak/Documents/graalvm-ce-19.1.1/Contents/Home/jre/lib/jsse.jar:/Users/asisbasak/Documents/graalvm-ce-19.1.1/Contents/Home/jre/lib/jce.jar:/Users/asisbasak/Documents/graalvm-ce-19.1.1/Contents/Home/jre/lib/charsets.jar:/Users/asisbasak/Documents/graalvm-ce-19.1.1/Contents/Home/jre/lib/jfr.jar:/Users/asisbasak/Documents/graalvm-ce-19.1.1/Contents/Home/jre/lib/jvmci-services.jar:/Users/asisbasak/Documents/graalvm-ce-19.1.1/Contents/Home/jre/classes:/Users/asisbasak/Documents/graalvm-ce-19.1.1/Contents/Home/jre/lib/boot/graaljs-scriptengine.jar:/Users/asisbasak/Documents/graalvm-ce-19.1.1/Contents/Home/jre/lib/boot/graal-sdk.src.zip:/Users/asisbasak/Documents/graalvm-ce-19.1.1/Contents/Home/jre/lib/boot/graal-sdk.jar"/>
    <property name="sun.management.compiler" value="HotSpot 64-Bit Tiered Compilers"/>
    <property name="ftp.nonProxyHosts" value="local|*.local|169.254/16|*.169.254/16"/>
    <property name="java.runtime.version" value="1.8.0_222-20190711112007.graal.jdk8u-src-tar-gz-b08"/>
    <property name="user.name" value="asisbasak"/>
    <property name="path.separator" value=":"/>
    <property name="os.version" value="10.14.6"/>
    <property name="java.endorsed.dirs" value="/Users/asisbasak/Documents/graalvm-ce-19.1.1/Contents/Home/jre/lib/endorsed"/>
    <property name="java.runtime.name" value="OpenJDK Runtime Environment"/>
    <property name="file.encoding" value="UTF-8"/>
    <property name="java.vm.name" value="OpenJDK 64-Bit GraalVM CE 19.1.1"/>
    <property name="jvmci.Compiler" value="graal"/>
    <property name="localRepository" value="/Users/asisbasak/.m2/repository"/>
    <property name="java.vendor.url.bug" value="http://bugreport.sun.com/bugreport/"/>
    <property name="java.io.tmpdir" value="/var/folders/9l/kdr63xkd74l1wyj8lg9fxh100000gn/T/"/>
    <property name="java.version" value="1.8.0_222"/>
    <property name="user.dir" value="/Users/asisbasak/Documents/workspace/mflix-java/mflix"/>
    <property name="os.arch" value="x86_64"/>
    <property name="java.vm.specification.name" value="Java Virtual Machine Specification"/>
    <property name="java.awt.printerjob" value="sun.lwawt.macosx.CPrinterJob"/>
    <property name="sun.os.patch.level" value="unknown"/>
    <property name="java.library.path" value="/Users/asisbasak/Library/Java/Extensions:/Library/Java/Extensions:/Network/Library/Java/Extensions:/System/Library/Java/Extensions:/usr/lib/java:."/>
    <property name="java.vm.info" value="mixed mode"/>
    <property name="java.vendor" value="Oracle Corporation"/>
    <property name="java.vm.version" value="25.222-b08-jvmci-19.1-b01"/>
    <property name="java.ext.dirs" value="/Users/asisbasak/Library/Java/Extensions:/Users/asisbasak/Documents/graalvm-ce-19.1.1/Contents/Home/jre/lib/ext:/Library/Java/Extensions:/Network/Library/Java/Extensions:/System/Library/Java/Extensions:/usr/lib/java"/>
    <property name="sun.io.unicode.encoding" value="UnicodeBig"/>
    <property name="java.class.version" value="52.0"/>
    <property name="socksNonProxyHosts" value="local|*.local|169.254/16|*.169.254/16"/>
  </properties>
  <testcase name="DocumentInstance" classname="mflix.lessons.MongoClientLesson" time="0.012">
    <error message="The connection string is invalid. Connection strings must start with either &apos;mongodb://&apos; or &apos;mongodb+srv://" type="java.lang.IllegalArgumentException">java.lang.IllegalArgumentException: The connection string is invalid. Connection strings must start with either 'mongodb://' or 'mongodb+srv://
	at mflix.lessons.MongoClientLesson.DocumentInstance(MongoClientLesson.java:181)
</error>
    <system-out><![CDATA[23:49:38.536 [main] INFO org.mongodb.driver.cluster - Cluster created with settings {hosts=[mflix-shard-00-00-htida.mongodb.net:27017, mflix-shard-00-01-htida.mongodb.net:27017, mflix-shard-00-02-htida.mongodb.net:27017], mode=MULTIPLE, requiredClusterType=REPLICA_SET, serverSelectionTimeout='30000 ms', maxWaitQueueSize=500, requiredReplicaSetName='mflix-shard-0'}
23:49:38.539 [main] INFO org.mongodb.driver.cluster - Adding discovered server mflix-shard-00-00-htida.mongodb.net:27017 to client view of cluster
23:49:38.587 [main] INFO org.mongodb.driver.cluster - Adding discovered server mflix-shard-00-01-htida.mongodb.net:27017 to client view of cluster
23:49:38.590 [main] INFO org.mongodb.driver.cluster - Adding discovered server mflix-shard-00-02-htida.mongodb.net:27017 to client view of cluster
23:49:38.596 [main] DEBUG org.mongodb.driver.cluster - Updating cluster description to  {type=REPLICA_SET, servers=[{address=mflix-shard-00-01-htida.mongodb.net:27017, type=UNKNOWN, state=CONNECTING}, {address=mflix-shard-00-02-htida.mongodb.net:27017, type=UNKNOWN, state=CONNECTING}, {address=mflix-shard-00-00-htida.mongodb.net:27017, type=UNKNOWN, state=CONNECTING}]
23:49:38.730 [main] INFO org.mongodb.driver.cluster - Cluster created with settings {hosts=[mflix-shard-00-00-htida.mongodb.net:27017, mflix-shard-00-01-htida.mongodb.net:27017, mflix-shard-00-02-htida.mongodb.net:27017], mode=MULTIPLE, requiredClusterType=REPLICA_SET, serverSelectionTimeout='30000 ms', maxWaitQueueSize=500, requiredReplicaSetName='mflix-shard-0'}
23:49:38.731 [main] INFO org.mongodb.driver.cluster - Adding discovered server mflix-shard-00-00-htida.mongodb.net:27017 to client view of cluster
23:49:38.733 [main] INFO org.mongodb.driver.cluster - Adding discovered server mflix-shard-00-01-htida.mongodb.net:27017 to client view of cluster
23:49:38.738 [main] INFO org.mongodb.driver.cluster - Adding discovered server mflix-shard-00-02-htida.mongodb.net:27017 to client view of cluster
23:49:38.740 [main] DEBUG org.mongodb.driver.cluster - Updating cluster description to  {type=REPLICA_SET, servers=[{address=mflix-shard-00-01-htida.mongodb.net:27017, type=UNKNOWN, state=CONNECTING}, {address=mflix-shard-00-02-htida.mongodb.net:27017, type=UNKNOWN, state=CONNECTING}, {address=mflix-shard-00-00-htida.mongodb.net:27017, type=UNKNOWN, state=CONNECTING}]
]]></system-out>
  </testcase>
  <testcase name="MongoCollectionInstance" classname="mflix.lessons.MongoClientLesson" time="0.001">
    <error message="The connection string is invalid. Connection strings must start with either &apos;mongodb://&apos; or &apos;mongodb+srv://" type="java.lang.IllegalArgumentException">java.lang.IllegalArgumentException: The connection string is invalid. Connection strings must start with either 'mongodb://' or 'mongodb+srv://
	at mflix.lessons.MongoClientLesson.MongoCollectionInstance(MongoClientLesson.java:156)
</error>
    <system-out><![CDATA[23:49:38.787 [main] INFO org.mongodb.driver.cluster - Cluster created with settings {hosts=[mflix-shard-00-00-htida.mongodb.net:27017, mflix-shard-00-01-htida.mongodb.net:27017, mflix-shard-00-02-htida.mongodb.net:27017], mode=MULTIPLE, requiredClusterType=REPLICA_SET, serverSelectionTimeout='30000 ms', maxWaitQueueSize=500, requiredReplicaSetName='mflix-shard-0'}
23:49:38.788 [main] INFO org.mongodb.driver.cluster - Adding discovered server mflix-shard-00-00-htida.mongodb.net:27017 to client view of cluster
23:49:38.792 [main] INFO org.mongodb.driver.cluster - Adding discovered server mflix-shard-00-01-htida.mongodb.net:27017 to client view of cluster
23:49:38.795 [main] INFO org.mongodb.driver.cluster - Adding discovered server mflix-shard-00-02-htida.mongodb.net:27017 to client view of cluster
23:49:38.799 [main] DEBUG org.mongodb.driver.cluster - Updating cluster description to  {type=REPLICA_SET, servers=[{address=mflix-shard-00-01-htida.mongodb.net:27017, type=UNKNOWN, state=CONNECTING}, {address=mflix-shard-00-02-htida.mongodb.net:27017, type=UNKNOWN, state=CONNECTING}, {address=mflix-shard-00-00-htida.mongodb.net:27017, type=UNKNOWN, state=CONNECTING}]
23:49:38.997 [main] INFO org.mongodb.driver.cluster - Cluster created with settings {hosts=[mflix-shard-00-00-htida.mongodb.net:27017, mflix-shard-00-01-htida.mongodb.net:27017, mflix-shard-00-02-htida.mongodb.net:27017], mode=MULTIPLE, requiredClusterType=REPLICA_SET, serverSelectionTimeout='30000 ms', maxWaitQueueSize=500, requiredReplicaSetName='mflix-shard-0'}
23:49:38.999 [main] INFO org.mongodb.driver.cluster - Adding discovered server mflix-shard-00-00-htida.mongodb.net:27017 to client view of cluster
23:49:39.000 [main] INFO org.mongodb.driver.cluster - Adding discovered server mflix-shard-00-01-htida.mongodb.net:27017 to client view of cluster
23:49:39.003 [main] INFO org.mongodb.driver.cluster - Adding discovered server mflix-shard-00-02-htida.mongodb.net:27017 to client view of cluster
23:49:39.005 [main] DEBUG org.mongodb.driver.cluster - Updating cluster description to  {type=REPLICA_SET, servers=[{address=mflix-shard-00-01-htida.mongodb.net:27017, type=UNKNOWN, state=CONNECTING}, {address=mflix-shard-00-02-htida.mongodb.net:27017, type=UNKNOWN, state=CONNECTING}, {address=mflix-shard-00-00-htida.mongodb.net:27017, type=UNKNOWN, state=CONNECTING}]
]]></system-out>
  </testcase>
  <testcase name="MongoDatabaseInstance" classname="mflix.lessons.MongoClientLesson" time="0">
    <error message="The connection string is invalid. Connection strings must start with either &apos;mongodb://&apos; or &apos;mongodb+srv://" type="java.lang.IllegalArgumentException">java.lang.IllegalArgumentException: The connection string is invalid. Connection strings must start with either 'mongodb://' or 'mongodb+srv://
	at mflix.lessons.MongoClientLesson.MongoDatabaseInstance(MongoClientLesson.java:93)
</error>
    <system-out><![CDATA[23:49:39.058 [main] INFO org.mongodb.driver.cluster - Cluster created with settings {hosts=[mflix-shard-00-00-htida.mongodb.net:27017, mflix-shard-00-01-htida.mongodb.net:27017, mflix-shard-00-02-htida.mongodb.net:27017], mode=MULTIPLE, requiredClusterType=REPLICA_SET, serverSelectionTimeout='30000 ms', maxWaitQueueSize=500, requiredReplicaSetName='mflix-shard-0'}
23:49:39.059 [main] INFO org.mongodb.driver.cluster - Adding discovered server mflix-shard-00-00-htida.mongodb.net:27017 to client view of cluster
23:49:39.064 [main] INFO org.mongodb.driver.cluster - Adding discovered server mflix-shard-00-01-htida.mongodb.net:27017 to client view of cluster
23:49:39.067 [main] INFO org.mongodb.driver.cluster - Adding discovered server mflix-shard-00-02-htida.mongodb.net:27017 to client view of cluster
23:49:39.069 [main] DEBUG org.mongodb.driver.cluster - Updating cluster description to  {type=REPLICA_SET, servers=[{address=mflix-shard-00-01-htida.mongodb.net:27017, type=UNKNOWN, state=CONNECTING}, {address=mflix-shard-00-02-htida.mongodb.net:27017, type=UNKNOWN, state=CONNECTING}, {address=mflix-shard-00-00-htida.mongodb.net:27017, type=UNKNOWN, state=CONNECTING}]
23:49:39.152 [main] INFO org.mongodb.driver.cluster - Cluster created with settings {hosts=[mflix-shard-00-00-htida.mongodb.net:27017, mflix-shard-00-01-htida.mongodb.net:27017, mflix-shard-00-02-htida.mongodb.net:27017], mode=MULTIPLE, requiredClusterType=REPLICA_SET, serverSelectionTimeout='30000 ms', maxWaitQueueSize=500, requiredReplicaSetName='mflix-shard-0'}
23:49:39.152 [main] INFO org.mongodb.driver.cluster - Adding discovered server mflix-shard-00-00-htida.mongodb.net:27017 to client view of cluster
23:49:39.154 [main] INFO org.mongodb.driver.cluster - Adding discovered server mflix-shard-00-01-htida.mongodb.net:27017 to client view of cluster
23:49:39.164 [main] INFO org.mongodb.driver.cluster - Adding discovered server mflix-shard-00-02-htida.mongodb.net:27017 to client view of cluster
23:49:39.176 [main] DEBUG org.mongodb.driver.cluster - Updating cluster description to  {type=REPLICA_SET, servers=[{address=mflix-shard-00-01-htida.mongodb.net:27017, type=UNKNOWN, state=CONNECTING}, {address=mflix-shard-00-02-htida.mongodb.net:27017, type=UNKNOWN, state=CONNECTING}, {address=mflix-shard-00-00-htida.mongodb.net:27017, type=UNKNOWN, state=CONNECTING}]
]]></system-out>
  </testcase>
  <testcase name="MongoClientInstance" classname="mflix.lessons.MongoClientLesson" time="0.001">
    <error message="The connection string is invalid. Connection strings must start with either &apos;mongodb://&apos; or &apos;mongodb+srv://" type="java.lang.IllegalArgumentException">java.lang.IllegalArgumentException: The connection string is invalid. Connection strings must start with either 'mongodb://' or 'mongodb+srv://
	at mflix.lessons.MongoClientLesson.MongoClientInstance(MongoClientLesson.java:57)
</error>
    <system-out><![CDATA[23:49:39.256 [main] INFO org.mongodb.driver.cluster - Cluster created with settings {hosts=[mflix-shard-00-00-htida.mongodb.net:27017, mflix-shard-00-01-htida.mongodb.net:27017, mflix-shard-00-02-htida.mongodb.net:27017], mode=MULTIPLE, requiredClusterType=REPLICA_SET, serverSelectionTimeout='30000 ms', maxWaitQueueSize=500, requiredReplicaSetName='mflix-shard-0'}
23:49:39.256 [main] INFO org.mongodb.driver.cluster - Adding discovered server mflix-shard-00-00-htida.mongodb.net:27017 to client view of cluster
23:49:39.262 [main] INFO org.mongodb.driver.cluster - Adding discovered server mflix-shard-00-01-htida.mongodb.net:27017 to client view of cluster
23:49:39.298 [main] INFO org.mongodb.driver.cluster - Adding discovered server mflix-shard-00-02-htida.mongodb.net:27017 to client view of cluster
23:49:39.304 [main] DEBUG org.mongodb.driver.cluster - Updating cluster description to  {type=REPLICA_SET, servers=[{address=mflix-shard-00-01-htida.mongodb.net:27017, type=UNKNOWN, state=CONNECTING}, {address=mflix-shard-00-02-htida.mongodb.net:27017, type=UNKNOWN, state=CONNECTING}, {address=mflix-shard-00-00-htida.mongodb.net:27017, type=UNKNOWN, state=CONNECTING}]
23:49:39.389 [main] INFO org.mongodb.driver.cluster - Cluster created with settings {hosts=[mflix-shard-00-00-htida.mongodb.net:27017, mflix-shard-00-01-htida.mongodb.net:27017, mflix-shard-00-02-htida.mongodb.net:27017], mode=MULTIPLE, requiredClusterType=REPLICA_SET, serverSelectionTimeout='30000 ms', maxWaitQueueSize=500, requiredReplicaSetName='mflix-shard-0'}
23:49:39.390 [main] INFO org.mongodb.driver.cluster - Adding discovered server mflix-shard-00-00-htida.mongodb.net:27017 to client view of cluster
23:49:39.391 [main] INFO org.mongodb.driver.cluster - Adding discovered server mflix-shard-00-01-htida.mongodb.net:27017 to client view of cluster
23:49:39.392 [main] INFO org.mongodb.driver.cluster - Adding discovered server mflix-shard-00-02-htida.mongodb.net:27017 to client view of cluster
23:49:39.395 [main] DEBUG org.mongodb.driver.cluster - Updating cluster description to  {type=REPLICA_SET, servers=[{address=mflix-shard-00-01-htida.mongodb.net:27017, type=UNKNOWN, state=CONNECTING}, {address=mflix-shard-00-02-htida.mongodb.net:27017, type=UNKNOWN, state=CONNECTING}, {address=mflix-shard-00-00-htida.mongodb.net:27017, type=UNKNOWN, state=CONNECTING}]
]]></system-out>
  </testcase>
</testsuite>