<?xml version="1.0" encoding="UTF-8"?>
<testsuite xmlns:xsi="http://www.w3.org/2001/XMLSchema-instance" xsi:noNamespaceSchemaLocation="https://maven.apache.org/surefire/maven-surefire-plugin/xsd/surefire-test-report.xsd" name="mflix.api.daos.TimeoutsTest" time="16.389" tests="2" errors="2" skipped="0" failures="0">
  <properties>
    <property name="gopherProxySet" value="false"/>
    <property name="awt.toolkit" value="sun.lwawt.macosx.LWCToolkit"/>
    <property name="file.encoding.pkg" value="sun.io"/>
    <property name="java.specification.version" value="1.8"/>
    <property name="sun.cpu.isalist" value=""/>
    <property name="sun.jnu.encoding" value="UTF-8"/>
    <property name="java.class.path" value="/Users/asisbasak/Documents/workspace/mflix-java/mflix/target/test-classes:/Users/asisbasak/Documents/workspace/mflix-java/mflix/target/classes:/Users/asisbasak/.m2/repository/org/springframework/boot/spring-boot-starter-web/2.0.3.RELEASE/spring-boot-starter-web-2.0.3.RELEASE.jar:/Users/asisbasak/.m2/repository/org/springframework/boot/spring-boot-starter/2.0.3.RELEASE/spring-boot-starter-2.0.3.RELEASE.jar:/Users/asisbasak/.m2/repository/org/springframework/boot/spring-boot-starter-logging/2.0.3.RELEASE/spring-boot-starter-logging-2.0.3.RELEASE.jar:/Users/asisbasak/.m2/repository/ch/qos/logback/logback-classic/1.2.3/logback-classic-1.2.3.jar:/Users/asisbasak/.m2/repository/ch/qos/logback/logback-core/1.2.3/logback-core-1.2.3.jar:/Users/asisbasak/.m2/repository/org/apache/logging/log4j/log4j-to-slf4j/2.10.0/log4j-to-slf4j-2.10.0.jar:/Users/asisbasak/.m2/repository/org/apache/logging/log4j/log4j-api/2.10.0/log4j-api-2.10.0.jar:/Users/asisbasak/.m2/repository/org/slf4j/jul-to-slf4j/1.7.25/jul-to-slf4j-1.7.25.jar:/Users/asisbasak/.m2/repository/javax/annotation/javax.annotation-api/1.3.2/javax.annotation-api-1.3.2.jar:/Users/asisbasak/.m2/repository/org/yaml/snakeyaml/1.19/snakeyaml-1.19.jar:/Users/asisbasak/.m2/repository/org/springframework/boot/spring-boot-starter-json/2.0.3.RELEASE/spring-boot-starter-json-2.0.3.RELEASE.jar:/Users/asisbasak/.m2/repository/com/fasterxml/jackson/datatype/jackson-datatype-jdk8/2.9.6/jackson-datatype-jdk8-2.9.6.jar:/Users/asisbasak/.m2/repository/com/fasterxml/jackson/datatype/jackson-datatype-jsr310/2.9.6/jackson-datatype-jsr310-2.9.6.jar:/Users/asisbasak/.m2/repository/com/fasterxml/jackson/module/jackson-module-parameter-names/2.9.6/jackson-module-parameter-names-2.9.6.jar:/Users/asisbasak/.m2/repository/org/springframework/boot/spring-boot-starter-tomcat/2.0.3.RELEASE/spring-boot-starter-tomcat-2.0.3.RELEASE.jar:/Users/asisbasak/.m2/repository/org/apache/tomcat/embed/tomcat-embed-core/8.5.31/tomcat-embed-core-8.5.31.jar:/Users/asisbasak/.m2/repository/org/apache/tomcat/embed/tomcat-embed-el/8.5.31/tomcat-embed-el-8.5.31.jar:/Users/asisbasak/.m2/repository/org/apache/tomcat/embed/tomcat-embed-websocket/8.5.31/tomcat-embed-websocket-8.5.31.jar:/Users/asisbasak/.m2/repository/org/hibernate/validator/hibernate-validator/6.0.10.Final/hibernate-validator-6.0.10.Final.jar:/Users/asisbasak/.m2/repository/javax/validation/validation-api/2.0.1.Final/validation-api-2.0.1.Final.jar:/Users/asisbasak/.m2/repository/org/jboss/logging/jboss-logging/3.3.2.Final/jboss-logging-3.3.2.Final.jar:/Users/asisbasak/.m2/repository/com/fasterxml/classmate/1.3.4/classmate-1.3.4.jar:/Users/asisbasak/.m2/repository/org/springframework/spring-webmvc/5.0.7.RELEASE/spring-webmvc-5.0.7.RELEASE.jar:/Users/asisbasak/.m2/repository/org/springframework/boot/spring-boot-starter-test/2.0.3.RELEASE/spring-boot-starter-test-2.0.3.RELEASE.jar:/Users/asisbasak/.m2/repository/org/springframework/boot/spring-boot-test/2.0.3.RELEASE/spring-boot-test-2.0.3.RELEASE.jar:/Users/asisbasak/.m2/repository/org/springframework/boot/spring-boot-test-autoconfigure/2.0.3.RELEASE/spring-boot-test-autoconfigure-2.0.3.RELEASE.jar:/Users/asisbasak/.m2/repository/com/jayway/jsonpath/json-path/2.4.0/json-path-2.4.0.jar:/Users/asisbasak/.m2/repository/net/minidev/json-smart/2.3/json-smart-2.3.jar:/Users/asisbasak/.m2/repository/net/minidev/accessors-smart/1.2/accessors-smart-1.2.jar:/Users/asisbasak/.m2/repository/org/ow2/asm/asm/5.0.4/asm-5.0.4.jar:/Users/asisbasak/.m2/repository/org/slf4j/slf4j-api/1.7.25/slf4j-api-1.7.25.jar:/Users/asisbasak/.m2/repository/junit/junit/4.12/junit-4.12.jar:/Users/asisbasak/.m2/repository/org/assertj/assertj-core/3.9.1/assertj-core-3.9.1.jar:/Users/asisbasak/.m2/repository/org/mockito/mockito-core/2.15.0/mockito-core-2.15.0.jar:/Users/asisbasak/.m2/repository/net/bytebuddy/byte-buddy/1.7.9/byte-buddy-1.7.9.jar:/Users/asisbasak/.m2/repository/net/bytebuddy/byte-buddy-agent/1.7.9/byte-buddy-agent-1.7.9.jar:/Users/asisbasak/.m2/repository/org/objenesis/objenesis/2.6/objenesis-2.6.jar:/Users/asisbasak/.m2/repository/org/hamcrest/hamcrest-core/1.3/hamcrest-core-1.3.jar:/Users/asisbasak/.m2/repository/org/hamcrest/hamcrest-library/1.3/hamcrest-library-1.3.jar:/Users/asisbasak/.m2/repository/org/skyscreamer/jsonassert/1.5.0/jsonassert-1.5.0.jar:/Users/asisbasak/.m2/repository/com/vaadin/external/google/android-json/0.0.20131108.vaadin1/android-json-0.0.20131108.vaadin1.jar:/Users/asisbasak/.m2/repository/org/springframework/spring-test/5.0.7.RELEASE/spring-test-5.0.7.RELEASE.jar:/Users/asisbasak/.m2/repository/org/xmlunit/xmlunit-core/2.5.1/xmlunit-core-2.5.1.jar:/Users/asisbasak/.m2/repository/org/springframework/boot/spring-boot-starter-security/2.0.4.RELEASE/spring-boot-starter-security-2.0.4.RELEASE.jar:/Users/asisbasak/.m2/repository/org/springframework/spring-aop/5.0.8.RELEASE/spring-aop-5.0.8.RELEASE.jar:/Users/asisbasak/.m2/repository/org/springframework/security/spring-security-config/5.0.7.RELEASE/spring-security-config-5.0.7.RELEASE.jar:/Users/asisbasak/.m2/repository/org/springframework/security/spring-security-core/5.0.7.RELEASE/spring-security-core-5.0.7.RELEASE.jar:/Users/asisbasak/.m2/repository/org/springframework/security/spring-security-web/5.0.7.RELEASE/spring-security-web-5.0.7.RELEASE.jar:/Users/asisbasak/.m2/repository/org/springframework/boot/spring-boot/2.0.4.RELEASE/spring-boot-2.0.4.RELEASE.jar:/Users/asisbasak/.m2/repository/org/springframework/spring-context/5.0.7.RELEASE/spring-context-5.0.7.RELEASE.jar:/Users/asisbasak/.m2/repository/org/springframework/spring-beans/5.0.7.RELEASE/spring-beans-5.0.7.RELEASE.jar:/Users/asisbasak/.m2/repository/org/springframework/spring-expression/5.0.7.RELEASE/spring-expression-5.0.7.RELEASE.jar:/Users/asisbasak/.m2/repository/org/springframework/spring-core/5.0.7.RELEASE/spring-core-5.0.7.RELEASE.jar:/Users/asisbasak/.m2/repository/org/springframework/spring-jcl/5.0.7.RELEASE/spring-jcl-5.0.7.RELEASE.jar:/Users/asisbasak/.m2/repository/org/springframework/boot/spring-boot-autoconfigure/2.0.3.RELEASE/spring-boot-autoconfigure-2.0.3.RELEASE.jar:/Users/asisbasak/.m2/repository/org/springframework/spring-web/5.0.7.RELEASE/spring-web-5.0.7.RELEASE.jar:/Users/asisbasak/.m2/repository/io/jsonwebtoken/jjwt/0.9.1/jjwt-0.9.1.jar:/Users/asisbasak/.m2/repository/com/fasterxml/jackson/core/jackson-databind/2.9.6/jackson-databind-2.9.6.jar:/Users/asisbasak/.m2/repository/com/fasterxml/jackson/core/jackson-annotations/2.9.0/jackson-annotations-2.9.0.jar:/Users/asisbasak/.m2/repository/com/fasterxml/jackson/core/jackson-core/2.9.6/jackson-core-2.9.6.jar:/Users/asisbasak/.m2/repository/org/junit/jupiter/junit-jupiter-api/5.1.0/junit-jupiter-api-5.1.0.jar:/Users/asisbasak/.m2/repository/org/apiguardian/apiguardian-api/1.0.0/apiguardian-api-1.0.0.jar:/Users/asisbasak/.m2/repository/org/opentest4j/opentest4j/1.0.0/opentest4j-1.0.0.jar:/Users/asisbasak/.m2/repository/org/junit/platform/junit-platform-commons/1.1.0/junit-platform-commons-1.1.0.jar:/Users/asisbasak/.m2/repository/org/mongodb/mongodb-driver-sync/3.9.1/mongodb-driver-sync-3.9.1.jar:/Users/asisbasak/.m2/repository/org/mongodb/bson/3.9.1/bson-3.9.1.jar:/Users/asisbasak/.m2/repository/org/mongodb/mongodb-driver-core/3.9.1/mongodb-driver-core-3.9.1.jar:"/>
    <property name="java.vm.vendor" value="Oracle Corporation"/>
    <property name="sun.arch.data.model" value="64"/>
    <property name="java.vendor.url" value="http://java.oracle.com/"/>
    <property name="user.timezone" value=""/>
    <property name="java.vm.specification.version" value="1.8"/>
    <property name="os.name" value="Mac OS X"/>
    <property name="sun.java.launcher" value="SUN_STANDARD"/>
    <property name="user.country" value="IN"/>
    <property name="sun.boot.library.path" value="/Users/asisbasak/Documents/graalvm-ce-19.1.1/Contents/Home/jre/lib"/>
    <property name="sun.java.command" value="/Users/asisbasak/Documents/workspace/mflix-java/mflix/target/surefire/surefirebooter7802452957797107813.jar /Users/asisbasak/Documents/workspace/mflix-java/mflix/target/surefire 2019-08-21T14-53-46_283-jvmRun1 surefire3683856700827243004tmp surefire_07004457816145113388tmp"/>
    <property name="http.nonProxyHosts" value="local|*.local|169.254/16|*.169.254/16"/>
    <property name="surefire.test.class.path" value="/Users/asisbasak/Documents/workspace/mflix-java/mflix/target/test-classes:/Users/asisbasak/Documents/workspace/mflix-java/mflix/target/classes:/Users/asisbasak/.m2/repository/org/springframework/boot/spring-boot-starter-web/2.0.3.RELEASE/spring-boot-starter-web-2.0.3.RELEASE.jar:/Users/asisbasak/.m2/repository/org/springframework/boot/spring-boot-starter/2.0.3.RELEASE/spring-boot-starter-2.0.3.RELEASE.jar:/Users/asisbasak/.m2/repository/org/springframework/boot/spring-boot-starter-logging/2.0.3.RELEASE/spring-boot-starter-logging-2.0.3.RELEASE.jar:/Users/asisbasak/.m2/repository/ch/qos/logback/logback-classic/1.2.3/logback-classic-1.2.3.jar:/Users/asisbasak/.m2/repository/ch/qos/logback/logback-core/1.2.3/logback-core-1.2.3.jar:/Users/asisbasak/.m2/repository/org/apache/logging/log4j/log4j-to-slf4j/2.10.0/log4j-to-slf4j-2.10.0.jar:/Users/asisbasak/.m2/repository/org/apache/logging/log4j/log4j-api/2.10.0/log4j-api-2.10.0.jar:/Users/asisbasak/.m2/repository/org/slf4j/jul-to-slf4j/1.7.25/jul-to-slf4j-1.7.25.jar:/Users/asisbasak/.m2/repository/javax/annotation/javax.annotation-api/1.3.2/javax.annotation-api-1.3.2.jar:/Users/asisbasak/.m2/repository/org/yaml/snakeyaml/1.19/snakeyaml-1.19.jar:/Users/asisbasak/.m2/repository/org/springframework/boot/spring-boot-starter-json/2.0.3.RELEASE/spring-boot-starter-json-2.0.3.RELEASE.jar:/Users/asisbasak/.m2/repository/com/fasterxml/jackson/datatype/jackson-datatype-jdk8/2.9.6/jackson-datatype-jdk8-2.9.6.jar:/Users/asisbasak/.m2/repository/com/fasterxml/jackson/datatype/jackson-datatype-jsr310/2.9.6/jackson-datatype-jsr310-2.9.6.jar:/Users/asisbasak/.m2/repository/com/fasterxml/jackson/module/jackson-module-parameter-names/2.9.6/jackson-module-parameter-names-2.9.6.jar:/Users/asisbasak/.m2/repository/org/springframework/boot/spring-boot-starter-tomcat/2.0.3.RELEASE/spring-boot-starter-tomcat-2.0.3.RELEASE.jar:/Users/asisbasak/.m2/repository/org/apache/tomcat/embed/tomcat-embed-core/8.5.31/tomcat-embed-core-8.5.31.jar:/Users/asisbasak/.m2/repository/org/apache/tomcat/embed/tomcat-embed-el/8.5.31/tomcat-embed-el-8.5.31.jar:/Users/asisbasak/.m2/repository/org/apache/tomcat/embed/tomcat-embed-websocket/8.5.31/tomcat-embed-websocket-8.5.31.jar:/Users/asisbasak/.m2/repository/org/hibernate/validator/hibernate-validator/6.0.10.Final/hibernate-validator-6.0.10.Final.jar:/Users/asisbasak/.m2/repository/javax/validation/validation-api/2.0.1.Final/validation-api-2.0.1.Final.jar:/Users/asisbasak/.m2/repository/org/jboss/logging/jboss-logging/3.3.2.Final/jboss-logging-3.3.2.Final.jar:/Users/asisbasak/.m2/repository/com/fasterxml/classmate/1.3.4/classmate-1.3.4.jar:/Users/asisbasak/.m2/repository/org/springframework/spring-webmvc/5.0.7.RELEASE/spring-webmvc-5.0.7.RELEASE.jar:/Users/asisbasak/.m2/repository/org/springframework/boot/spring-boot-starter-test/2.0.3.RELEASE/spring-boot-starter-test-2.0.3.RELEASE.jar:/Users/asisbasak/.m2/repository/org/springframework/boot/spring-boot-test/2.0.3.RELEASE/spring-boot-test-2.0.3.RELEASE.jar:/Users/asisbasak/.m2/repository/org/springframework/boot/spring-boot-test-autoconfigure/2.0.3.RELEASE/spring-boot-test-autoconfigure-2.0.3.RELEASE.jar:/Users/asisbasak/.m2/repository/com/jayway/jsonpath/json-path/2.4.0/json-path-2.4.0.jar:/Users/asisbasak/.m2/repository/net/minidev/json-smart/2.3/json-smart-2.3.jar:/Users/asisbasak/.m2/repository/net/minidev/accessors-smart/1.2/accessors-smart-1.2.jar:/Users/asisbasak/.m2/repository/org/ow2/asm/asm/5.0.4/asm-5.0.4.jar:/Users/asisbasak/.m2/repository/org/slf4j/slf4j-api/1.7.25/slf4j-api-1.7.25.jar:/Users/asisbasak/.m2/repository/junit/junit/4.12/junit-4.12.jar:/Users/asisbasak/.m2/repository/org/assertj/assertj-core/3.9.1/assertj-core-3.9.1.jar:/Users/asisbasak/.m2/repository/org/mockito/mockito-core/2.15.0/mockito-core-2.15.0.jar:/Users/asisbasak/.m2/repository/net/bytebuddy/byte-buddy/1.7.9/byte-buddy-1.7.9.jar:/Users/asisbasak/.m2/repository/net/bytebuddy/byte-buddy-agent/1.7.9/byte-buddy-agent-1.7.9.jar:/Users/asisbasak/.m2/repository/org/objenesis/objenesis/2.6/objenesis-2.6.jar:/Users/asisbasak/.m2/repository/org/hamcrest/hamcrest-core/1.3/hamcrest-core-1.3.jar:/Users/asisbasak/.m2/repository/org/hamcrest/hamcrest-library/1.3/hamcrest-library-1.3.jar:/Users/asisbasak/.m2/repository/org/skyscreamer/jsonassert/1.5.0/jsonassert-1.5.0.jar:/Users/asisbasak/.m2/repository/com/vaadin/external/google/android-json/0.0.20131108.vaadin1/android-json-0.0.20131108.vaadin1.jar:/Users/asisbasak/.m2/repository/org/springframework/spring-test/5.0.7.RELEASE/spring-test-5.0.7.RELEASE.jar:/Users/asisbasak/.m2/repository/org/xmlunit/xmlunit-core/2.5.1/xmlunit-core-2.5.1.jar:/Users/asisbasak/.m2/repository/org/springframework/boot/spring-boot-starter-security/2.0.4.RELEASE/spring-boot-starter-security-2.0.4.RELEASE.jar:/Users/asisbasak/.m2/repository/org/springframework/spring-aop/5.0.8.RELEASE/spring-aop-5.0.8.RELEASE.jar:/Users/asisbasak/.m2/repository/org/springframework/security/spring-security-config/5.0.7.RELEASE/spring-security-config-5.0.7.RELEASE.jar:/Users/asisbasak/.m2/repository/org/springframework/security/spring-security-core/5.0.7.RELEASE/spring-security-core-5.0.7.RELEASE.jar:/Users/asisbasak/.m2/repository/org/springframework/security/spring-security-web/5.0.7.RELEASE/spring-security-web-5.0.7.RELEASE.jar:/Users/asisbasak/.m2/repository/org/springframework/boot/spring-boot/2.0.4.RELEASE/spring-boot-2.0.4.RELEASE.jar:/Users/asisbasak/.m2/repository/org/springframework/spring-context/5.0.7.RELEASE/spring-context-5.0.7.RELEASE.jar:/Users/asisbasak/.m2/repository/org/springframework/spring-beans/5.0.7.RELEASE/spring-beans-5.0.7.RELEASE.jar:/Users/asisbasak/.m2/repository/org/springframework/spring-expression/5.0.7.RELEASE/spring-expression-5.0.7.RELEASE.jar:/Users/asisbasak/.m2/repository/org/springframework/spring-core/5.0.7.RELEASE/spring-core-5.0.7.RELEASE.jar:/Users/asisbasak/.m2/repository/org/springframework/spring-jcl/5.0.7.RELEASE/spring-jcl-5.0.7.RELEASE.jar:/Users/asisbasak/.m2/repository/org/springframework/boot/spring-boot-autoconfigure/2.0.3.RELEASE/spring-boot-autoconfigure-2.0.3.RELEASE.jar:/Users/asisbasak/.m2/repository/org/springframework/spring-web/5.0.7.RELEASE/spring-web-5.0.7.RELEASE.jar:/Users/asisbasak/.m2/repository/io/jsonwebtoken/jjwt/0.9.1/jjwt-0.9.1.jar:/Users/asisbasak/.m2/repository/com/fasterxml/jackson/core/jackson-databind/2.9.6/jackson-databind-2.9.6.jar:/Users/asisbasak/.m2/repository/com/fasterxml/jackson/core/jackson-annotations/2.9.0/jackson-annotations-2.9.0.jar:/Users/asisbasak/.m2/repository/com/fasterxml/jackson/core/jackson-core/2.9.6/jackson-core-2.9.6.jar:/Users/asisbasak/.m2/repository/org/junit/jupiter/junit-jupiter-api/5.1.0/junit-jupiter-api-5.1.0.jar:/Users/asisbasak/.m2/repository/org/apiguardian/apiguardian-api/1.0.0/apiguardian-api-1.0.0.jar:/Users/asisbasak/.m2/repository/org/opentest4j/opentest4j/1.0.0/opentest4j-1.0.0.jar:/Users/asisbasak/.m2/repository/org/junit/platform/junit-platform-commons/1.1.0/junit-platform-commons-1.1.0.jar:/Users/asisbasak/.m2/repository/org/mongodb/mongodb-driver-sync/3.9.1/mongodb-driver-sync-3.9.1.jar:/Users/asisbasak/.m2/repository/org/mongodb/bson/3.9.1/bson-3.9.1.jar:/Users/asisbasak/.m2/repository/org/mongodb/mongodb-driver-core/3.9.1/mongodb-driver-core-3.9.1.jar:"/>
    <property name="sun.cpu.endian" value="little"/>
    <property name="user.home" value="/Users/asisbasak"/>
    <property name="user.language" value="en"/>
    <property name="java.specification.vendor" value="Oracle Corporation"/>
    <property name="java.home" value="/Users/asisbasak/Documents/graalvm-ce-19.1.1/Contents/Home/jre"/>
    <property name="basedir" value="/Users/asisbasak/Documents/workspace/mflix-java/mflix"/>
    <property name="file.separator" value="/"/>
    <property name="line.separator" value="&#10;"/>
    <property name="java.vm.specification.vendor" value="Oracle Corporation"/>
    <property name="java.specification.name" value="Java Platform API Specification"/>
    <property name="java.awt.graphicsenv" value="sun.awt.CGraphicsEnvironment"/>
    <property name="surefire.real.class.path" value="/Users/asisbasak/Documents/workspace/mflix-java/mflix/target/surefire/surefirebooter7802452957797107813.jar"/>
    <property name="sun.boot.class.path" value="/Users/asisbasak/Documents/graalvm-ce-19.1.1/Contents/Home/jre/lib/resources.jar:/Users/asisbasak/Documents/graalvm-ce-19.1.1/Contents/Home/jre/lib/rt.jar:/Users/asisbasak/Documents/graalvm-ce-19.1.1/Contents/Home/jre/lib/sunrsasign.jar:/Users/asisbasak/Documents/graalvm-ce-19.1.1/Contents/Home/jre/lib/jsse.jar:/Users/asisbasak/Documents/graalvm-ce-19.1.1/Contents/Home/jre/lib/jce.jar:/Users/asisbasak/Documents/graalvm-ce-19.1.1/Contents/Home/jre/lib/charsets.jar:/Users/asisbasak/Documents/graalvm-ce-19.1.1/Contents/Home/jre/lib/jfr.jar:/Users/asisbasak/Documents/graalvm-ce-19.1.1/Contents/Home/jre/lib/jvmci-services.jar:/Users/asisbasak/Documents/graalvm-ce-19.1.1/Contents/Home/jre/classes:/Users/asisbasak/Documents/graalvm-ce-19.1.1/Contents/Home/jre/lib/boot/graaljs-scriptengine.jar:/Users/asisbasak/Documents/graalvm-ce-19.1.1/Contents/Home/jre/lib/boot/graal-sdk.src.zip:/Users/asisbasak/Documents/graalvm-ce-19.1.1/Contents/Home/jre/lib/boot/graal-sdk.jar"/>
    <property name="sun.management.compiler" value="HotSpot 64-Bit Tiered Compilers"/>
    <property name="ftp.nonProxyHosts" value="local|*.local|169.254/16|*.169.254/16"/>
    <property name="java.runtime.version" value="1.8.0_222-20190711112007.graal.jdk8u-src-tar-gz-b08"/>
    <property name="user.name" value="asisbasak"/>
    <property name="path.separator" value=":"/>
    <property name="os.version" value="10.14.6"/>
    <property name="java.endorsed.dirs" value="/Users/asisbasak/Documents/graalvm-ce-19.1.1/Contents/Home/jre/lib/endorsed"/>
    <property name="java.runtime.name" value="OpenJDK Runtime Environment"/>
    <property name="file.encoding" value="UTF-8"/>
    <property name="java.vm.name" value="OpenJDK 64-Bit GraalVM CE 19.1.1"/>
    <property name="jvmci.Compiler" value="graal"/>
    <property name="localRepository" value="/Users/asisbasak/.m2/repository"/>
    <property name="java.vendor.url.bug" value="http://bugreport.sun.com/bugreport/"/>
    <property name="java.io.tmpdir" value="/var/folders/9l/kdr63xkd74l1wyj8lg9fxh100000gn/T/"/>
    <property name="java.version" value="1.8.0_222"/>
    <property name="user.dir" value="/Users/asisbasak/Documents/workspace/mflix-java/mflix"/>
    <property name="os.arch" value="x86_64"/>
    <property name="java.vm.specification.name" value="Java Virtual Machine Specification"/>
    <property name="java.awt.printerjob" value="sun.lwawt.macosx.CPrinterJob"/>
    <property name="sun.os.patch.level" value="unknown"/>
    <property name="java.library.path" value="/Users/asisbasak/Library/Java/Extensions:/Library/Java/Extensions:/Network/Library/Java/Extensions:/System/Library/Java/Extensions:/usr/lib/java:."/>
    <property name="java.vm.info" value="mixed mode"/>
    <property name="java.vendor" value="Oracle Corporation"/>
    <property name="java.vm.version" value="25.222-b08-jvmci-19.1-b01"/>
    <property name="java.ext.dirs" value="/Users/asisbasak/Library/Java/Extensions:/Users/asisbasak/Documents/graalvm-ce-19.1.1/Contents/Home/jre/lib/ext:/Library/Java/Extensions:/Network/Library/Java/Extensions:/System/Library/Java/Extensions:/usr/lib/java"/>
    <property name="sun.io.unicode.encoding" value="UnicodeBig"/>
    <property name="java.class.version" value="52.0"/>
    <property name="socksNonProxyHosts" value="local|*.local|169.254/16|*.169.254/16"/>
  </properties>
  <testcase name="testConfiguredConnectionTimeoutMs" classname="mflix.api.daos.TimeoutsTest" time="0.071">
    <error type="java.lang.NullPointerException">java.lang.NullPointerException
	at mflix.api.daos.TimeoutsTest.testConfiguredConnectionTimeoutMs(TimeoutsTest.java:58)
</error>
    <system-out><![CDATA[2019-08-21 14:54:17.283  INFO 29586 --- [           main] .b.t.c.SpringBootTestContextBootstrapper : Neither @ContextConfiguration nor @ContextHierarchy found for test class [mflix.api.daos.TimeoutsTest], using SpringBootContextLoader
2019-08-21 14:54:17.283  INFO 29586 --- [           main] o.s.t.c.support.AbstractContextLoader    : Could not detect default resource locations for test class [mflix.api.daos.TimeoutsTest]: no resource found for suffixes {-context.xml, Context.groovy}.
2019-08-21 14:54:17.287  INFO 29586 --- [           main] .b.t.c.SpringBootTestContextBootstrapper : Loaded default TestExecutionListener class names from location [META-INF/spring.factories]: [org.springframework.boot.test.mock.mockito.MockitoTestExecutionListener, org.springframework.boot.test.mock.mockito.ResetMocksTestExecutionListener, org.springframework.boot.test.autoconfigure.restdocs.RestDocsTestExecutionListener, org.springframework.boot.test.autoconfigure.web.client.MockRestServiceServerResetTestExecutionListener, org.springframework.boot.test.autoconfigure.web.servlet.MockMvcPrintOnlyOnFailureTestExecutionListener, org.springframework.boot.test.autoconfigure.web.servlet.WebDriverTestExecutionListener, org.springframework.test.context.web.ServletTestExecutionListener, org.springframework.test.context.support.DirtiesContextBeforeModesTestExecutionListener, org.springframework.test.context.support.DependencyInjectionTestExecutionListener, org.springframework.test.context.support.DirtiesContextTestExecutionListener, org.springframework.test.context.transaction.TransactionalTestExecutionListener, org.springframework.test.context.jdbc.SqlScriptsTestExecutionListener]
2019-08-21 14:54:17.288  INFO 29586 --- [           main] .b.t.c.SpringBootTestContextBootstrapper : Using TestExecutionListeners: [org.springframework.test.context.web.ServletTestExecutionListener@cf518cf, org.springframework.test.context.support.DirtiesContextBeforeModesTestExecutionListener@7915bca3, org.springframework.boot.test.mock.mockito.MockitoTestExecutionListener@68d651f2, org.springframework.boot.test.autoconfigure.SpringBootDependencyInjectionTestExecutionListener@3ad4a7d6, org.springframework.test.context.support.DirtiesContextTestExecutionListener@1e43e323, org.springframework.boot.test.mock.mockito.ResetMocksTestExecutionListener@4a67b4ec, org.springframework.boot.test.autoconfigure.restdocs.RestDocsTestExecutionListener@10643593, org.springframework.boot.test.autoconfigure.web.client.MockRestServiceServerResetTestExecutionListener@f91da5e, org.springframework.boot.test.autoconfigure.web.servlet.MockMvcPrintOnlyOnFailureTestExecutionListener@eca6a74, org.springframework.boot.test.autoconfigure.web.servlet.WebDriverTestExecutionListener@79fd6f95]

  .   ____          _            __ _ _
 /\\ / ___'_ __ _ _(_)_ __  __ _ \ \ \ \
( ( )\___ | '_ | '_| | '_ \/ _` | \ \ \ \
 \\/  ___)| |_)| | | | | || (_| |  ) ) ) )
  '  |____| .__|_| |_|_| |_\__, | / / / /
 =========|_|==============|___/=/_/_/_/
 :: Spring Boot ::        (v2.0.4.RELEASE)

2019-08-21 14:54:32.334  INFO 29586 --- [           main] mflix.api.daos.TimeoutsTest              : Starting TimeoutsTest on Asiss-MacBook-Pro.local with PID 29586 (started by asisbasak in /Users/asisbasak/Documents/workspace/mflix-java/mflix)
2019-08-21 14:54:32.335  INFO 29586 --- [           main] mflix.api.daos.TimeoutsTest              : No active profile set, falling back to default profiles: default
2019-08-21 14:54:32.340  INFO 29586 --- [           main] o.s.w.c.s.GenericWebApplicationContext   : Refreshing org.springframework.web.context.support.GenericWebApplicationContext@4ee6291f: startup date [Wed Aug 21 14:54:32 IST 2019]; root of context hierarchy
2019-08-21 14:54:32.732  INFO 29586 --- [           main] org.mongodb.driver.cluster               : Cluster created with settings {hosts=[mflix-shard-00-00-cnrem.mongodb.net:27017, mflix-shard-00-01-cnrem.mongodb.net:27017, mflix-shard-00-02-cnrem.mongodb.net:27017], mode=MULTIPLE, requiredClusterType=REPLICA_SET, serverSelectionTimeout='30000 ms', maxWaitQueueSize=500, requiredReplicaSetName='mflix-shard-0'}
2019-08-21 14:54:32.734  INFO 29586 --- [           main] org.mongodb.driver.cluster               : Adding discovered server mflix-shard-00-00-cnrem.mongodb.net:27017 to client view of cluster
2019-08-21 14:54:32.735  INFO 29586 --- [           main] org.mongodb.driver.cluster               : Adding discovered server mflix-shard-00-01-cnrem.mongodb.net:27017 to client view of cluster
2019-08-21 14:54:32.737  INFO 29586 --- [           main] org.mongodb.driver.cluster               : Adding discovered server mflix-shard-00-02-cnrem.mongodb.net:27017 to client view of cluster
2019-08-21 14:54:32.811  INFO 29586 --- [ngodb.net:27017] org.mongodb.driver.connection            : Opened connection [connectionId{localValue:6, serverValue:57844}] to mflix-shard-00-01-cnrem.mongodb.net:27017
2019-08-21 14:54:32.811  INFO 29586 --- [ngodb.net:27017] org.mongodb.driver.connection            : Opened connection [connectionId{localValue:7, serverValue:60257}] to mflix-shard-00-02-cnrem.mongodb.net:27017
2019-08-21 14:54:32.821  INFO 29586 --- [ngodb.net:27017] org.mongodb.driver.cluster               : Monitor thread successfully connected to server with description ServerDescription{address=mflix-shard-00-02-cnrem.mongodb.net:27017, type=REPLICA_SET_SECONDARY, state=CONNECTED, ok=true, version=ServerVersion{versionList=[4, 0, 12]}, minWireVersion=0, maxWireVersion=7, maxDocumentSize=16777216, logicalSessionTimeoutMinutes=30, roundTripTimeNanos=8964942, setName='mflix-shard-0', canonicalAddress=mflix-shard-00-02-cnrem.mongodb.net:27017, hosts=[mflix-shard-00-00-cnrem.mongodb.net:27017, mflix-shard-00-01-cnrem.mongodb.net:27017, mflix-shard-00-02-cnrem.mongodb.net:27017], passives=[], arbiters=[], primary='mflix-shard-00-00-cnrem.mongodb.net:27017', tagSet=TagSet{[Tag{name='region', value='AP_SOUTH_1'}, Tag{name='provider', value='AWS'}, Tag{name='nodeType', value='ELECTABLE'}]}, electionId=null, setVersion=1, lastWriteDate=Wed Aug 21 14:54:43 IST 2019, lastUpdateTimeNanos=297240331394590}
2019-08-21 14:54:32.820  INFO 29586 --- [ngodb.net:27017] org.mongodb.driver.connection            : Opened connection [connectionId{localValue:5, serverValue:73043}] to mflix-shard-00-00-cnrem.mongodb.net:27017
2019-08-21 14:54:32.824  INFO 29586 --- [ngodb.net:27017] org.mongodb.driver.cluster               : Monitor thread successfully connected to server with description ServerDescription{address=mflix-shard-00-01-cnrem.mongodb.net:27017, type=REPLICA_SET_SECONDARY, state=CONNECTED, ok=true, version=ServerVersion{versionList=[4, 0, 12]}, minWireVersion=0, maxWireVersion=7, maxDocumentSize=16777216, logicalSessionTimeoutMinutes=30, roundTripTimeNanos=12151070, setName='mflix-shard-0', canonicalAddress=mflix-shard-00-01-cnrem.mongodb.net:27017, hosts=[mflix-shard-00-00-cnrem.mongodb.net:27017, mflix-shard-00-01-cnrem.mongodb.net:27017, mflix-shard-00-02-cnrem.mongodb.net:27017], passives=[], arbiters=[], primary='mflix-shard-00-00-cnrem.mongodb.net:27017', tagSet=TagSet{[Tag{name='region', value='AP_SOUTH_1'}, Tag{name='provider', value='AWS'}, Tag{name='nodeType', value='ELECTABLE'}]}, electionId=null, setVersion=1, lastWriteDate=Wed Aug 21 14:54:43 IST 2019, lastUpdateTimeNanos=297240334526609}
2019-08-21 14:54:32.835  INFO 29586 --- [ngodb.net:27017] org.mongodb.driver.cluster               : Monitor thread successfully connected to server with description ServerDescription{address=mflix-shard-00-00-cnrem.mongodb.net:27017, type=REPLICA_SET_PRIMARY, state=CONNECTED, ok=true, version=ServerVersion{versionList=[4, 0, 12]}, minWireVersion=0, maxWireVersion=7, maxDocumentSize=16777216, logicalSessionTimeoutMinutes=30, roundTripTimeNanos=13461542, setName='mflix-shard-0', canonicalAddress=mflix-shard-00-00-cnrem.mongodb.net:27017, hosts=[mflix-shard-00-00-cnrem.mongodb.net:27017, mflix-shard-00-01-cnrem.mongodb.net:27017, mflix-shard-00-02-cnrem.mongodb.net:27017], passives=[], arbiters=[], primary='mflix-shard-00-00-cnrem.mongodb.net:27017', tagSet=TagSet{[Tag{name='region', value='AP_SOUTH_1'}, Tag{name='provider', value='AWS'}, Tag{name='nodeType', value='ELECTABLE'}]}, electionId=7fffffff0000000000000011, setVersion=1, lastWriteDate=Wed Aug 21 14:54:43 IST 2019, lastUpdateTimeNanos=297240345984510}
2019-08-21 14:54:32.835  INFO 29586 --- [ngodb.net:27017] org.mongodb.driver.cluster               : Setting max election id to 7fffffff0000000000000011 from replica set primary mflix-shard-00-00-cnrem.mongodb.net:27017
2019-08-21 14:54:32.836  INFO 29586 --- [ngodb.net:27017] org.mongodb.driver.cluster               : Setting max set version to 1 from replica set primary mflix-shard-00-00-cnrem.mongodb.net:27017
2019-08-21 14:54:32.836  INFO 29586 --- [ngodb.net:27017] org.mongodb.driver.cluster               : Discovered replica set primary mflix-shard-00-00-cnrem.mongodb.net:27017
2019-08-21 14:54:32.937  INFO 29586 --- [           main] o.s.w.s.handler.SimpleUrlHandlerMapping  : Mapped URL path [/**/favicon.ico] onto handler of type [class org.springframework.web.servlet.resource.ResourceHttpRequestHandler]
2019-08-21 14:54:33.062  INFO 29586 --- [           main] s.w.s.m.m.a.RequestMappingHandlerAdapter : Looking for @ControllerAdvice: org.springframework.web.context.support.GenericWebApplicationContext@4ee6291f: startup date [Wed Aug 21 14:54:32 IST 2019]; root of context hierarchy
2019-08-21 14:54:33.084  INFO 29586 --- [           main] s.w.s.m.m.a.RequestMappingHandlerMapping : Mapped "{[/error]}" onto public org.springframework.http.ResponseEntity<java.util.Map<java.lang.String, java.lang.Object>> org.springframework.boot.autoconfigure.web.servlet.error.BasicErrorController.error(javax.servlet.http.HttpServletRequest)
2019-08-21 14:54:33.085  INFO 29586 --- [           main] s.w.s.m.m.a.RequestMappingHandlerMapping : Mapped "{[/error],produces=[text/html]}" onto public org.springframework.web.servlet.ModelAndView org.springframework.boot.autoconfigure.web.servlet.error.BasicErrorController.errorHtml(javax.servlet.http.HttpServletRequest,javax.servlet.http.HttpServletResponse)
2019-08-21 14:54:33.111  INFO 29586 --- [           main] o.s.w.s.handler.SimpleUrlHandlerMapping  : Mapped URL path [/webjars/**] onto handler of type [class org.springframework.web.servlet.resource.ResourceHttpRequestHandler]
2019-08-21 14:54:33.112  INFO 29586 --- [           main] o.s.w.s.handler.SimpleUrlHandlerMapping  : Mapped URL path [/**] onto handler of type [class org.springframework.web.servlet.resource.ResourceHttpRequestHandler]
2019-08-21 14:54:33.163  INFO 29586 --- [           main] o.s.b.a.w.s.WelcomePageHandlerMapping    : Adding welcome page: class path resource [build/index.html]
2019-08-21 14:54:33.298  INFO 29586 --- [           main] .s.s.UserDetailsServiceAutoConfiguration : 

Using generated security password: e200f853-9765-42fe-ba5d-2ee59f8689b2

2019-08-21 14:54:33.387  INFO 29586 --- [           main] o.s.s.web.DefaultSecurityFilterChain     : Creating filter chain: org.springframework.security.web.util.matcher.AnyRequestMatcher@1, [org.springframework.security.web.context.request.async.WebAsyncManagerIntegrationFilter@7132a9dc, org.springframework.security.web.context.SecurityContextPersistenceFilter@37045b48, org.springframework.security.web.header.HeaderWriterFilter@7f5b9db, org.springframework.security.web.csrf.CsrfFilter@47c40b56, org.springframework.security.web.authentication.logout.LogoutFilter@640ab13c, org.springframework.security.web.authentication.UsernamePasswordAuthenticationFilter@4527f70a, org.springframework.security.web.authentication.ui.DefaultLoginPageGeneratingFilter@71c17a57, org.springframework.security.web.authentication.www.BasicAuthenticationFilter@707b1a44, org.springframework.security.web.savedrequest.RequestCacheAwareFilter@60b34931, org.springframework.security.web.servletapi.SecurityContextHolderAwareRequestFilter@4aa21f9d, org.springframework.security.web.authentication.AnonymousAuthenticationFilter@57435801, org.springframework.security.web.session.SessionManagementFilter@507d64aa, org.springframework.security.web.access.ExceptionTranslationFilter@4b039c6d, org.springframework.security.web.access.intercept.FilterSecurityInterceptor@fd53053]
2019-08-21 14:54:33.452  INFO 29586 --- [           main] mflix.api.daos.TimeoutsTest              : Started TimeoutsTest in 16.161 seconds (JVM running for 42.025)
2019-08-21 14:54:33.484  INFO 29586 --- [           main] org.mongodb.driver.cluster               : Cluster created with settings {hosts=[mflix-shard-00-00-cnrem.mongodb.net:27017, mflix-shard-00-01-cnrem.mongodb.net:27017, mflix-shard-00-02-cnrem.mongodb.net:27017], mode=MULTIPLE, requiredClusterType=REPLICA_SET, serverSelectionTimeout='30000 ms', maxWaitQueueSize=500, requiredReplicaSetName='mflix-shard-0'}
2019-08-21 14:54:33.486  INFO 29586 --- [           main] org.mongodb.driver.cluster               : Adding discovered server mflix-shard-00-00-cnrem.mongodb.net:27017 to client view of cluster
2019-08-21 14:54:33.490  INFO 29586 --- [           main] org.mongodb.driver.cluster               : Adding discovered server mflix-shard-00-01-cnrem.mongodb.net:27017 to client view of cluster
2019-08-21 14:54:33.493  INFO 29586 --- [           main] org.mongodb.driver.cluster               : Adding discovered server mflix-shard-00-02-cnrem.mongodb.net:27017 to client view of cluster
]]></system-out>
  </testcase>
  <testcase name="testConfiguredWtimeout" classname="mflix.api.daos.TimeoutsTest" time="0.145">
    <error type="java.lang.NullPointerException">java.lang.NullPointerException
	at mflix.api.daos.TimeoutsTest.testConfiguredWtimeout(TimeoutsTest.java:49)
</error>
    <system-out><![CDATA[2019-08-21 14:54:33.545  INFO 29586 --- [ngodb.net:27017] org.mongodb.driver.connection            : Opened connection [connectionId{localValue:9, serverValue:57844}] to mflix-shard-00-01-cnrem.mongodb.net:27017
2019-08-21 14:54:33.549  INFO 29586 --- [ngodb.net:27017] org.mongodb.driver.connection            : Opened connection [connectionId{localValue:8, serverValue:71756}] to mflix-shard-00-00-cnrem.mongodb.net:27017
2019-08-21 14:54:33.553  INFO 29586 --- [ngodb.net:27017] org.mongodb.driver.cluster               : Monitor thread successfully connected to server with description ServerDescription{address=mflix-shard-00-01-cnrem.mongodb.net:27017, type=REPLICA_SET_SECONDARY, state=CONNECTED, ok=true, version=ServerVersion{versionList=[4, 0, 12]}, minWireVersion=0, maxWireVersion=7, maxDocumentSize=16777216, logicalSessionTimeoutMinutes=30, roundTripTimeNanos=7263447, setName='mflix-shard-0', canonicalAddress=mflix-shard-00-01-cnrem.mongodb.net:27017, hosts=[mflix-shard-00-00-cnrem.mongodb.net:27017, mflix-shard-00-01-cnrem.mongodb.net:27017, mflix-shard-00-02-cnrem.mongodb.net:27017], passives=[], arbiters=[], primary='mflix-shard-00-00-cnrem.mongodb.net:27017', tagSet=TagSet{[Tag{name='region', value='AP_SOUTH_1'}, Tag{name='provider', value='AWS'}, Tag{name='nodeType', value='ELECTABLE'}]}, electionId=null, setVersion=1, lastWriteDate=Wed Aug 21 14:54:43 IST 2019, lastUpdateTimeNanos=297241063994778}
2019-08-21 14:54:33.554  INFO 29586 --- [           main] org.mongodb.driver.cluster               : Cluster created with settings {hosts=[mflix-shard-00-00-cnrem.mongodb.net:27017, mflix-shard-00-01-cnrem.mongodb.net:27017, mflix-shard-00-02-cnrem.mongodb.net:27017], mode=MULTIPLE, requiredClusterType=REPLICA_SET, serverSelectionTimeout='30000 ms', maxWaitQueueSize=500, requiredReplicaSetName='mflix-shard-0'}
2019-08-21 14:54:33.554  INFO 29586 --- [           main] org.mongodb.driver.cluster               : Adding discovered server mflix-shard-00-00-cnrem.mongodb.net:27017 to client view of cluster
2019-08-21 14:54:33.556  INFO 29586 --- [ngodb.net:27017] org.mongodb.driver.connection            : Opened connection [connectionId{localValue:10, serverValue:60257}] to mflix-shard-00-02-cnrem.mongodb.net:27017
2019-08-21 14:54:33.558  INFO 29586 --- [ngodb.net:27017] org.mongodb.driver.cluster               : Monitor thread successfully connected to server with description ServerDescription{address=mflix-shard-00-00-cnrem.mongodb.net:27017, type=REPLICA_SET_PRIMARY, state=CONNECTED, ok=true, version=ServerVersion{versionList=[4, 0, 12]}, minWireVersion=0, maxWireVersion=7, maxDocumentSize=16777216, logicalSessionTimeoutMinutes=30, roundTripTimeNanos=8644990, setName='mflix-shard-0', canonicalAddress=mflix-shard-00-00-cnrem.mongodb.net:27017, hosts=[mflix-shard-00-00-cnrem.mongodb.net:27017, mflix-shard-00-01-cnrem.mongodb.net:27017, mflix-shard-00-02-cnrem.mongodb.net:27017], passives=[], arbiters=[], primary='mflix-shard-00-00-cnrem.mongodb.net:27017', tagSet=TagSet{[Tag{name='region', value='AP_SOUTH_1'}, Tag{name='provider', value='AWS'}, Tag{name='nodeType', value='ELECTABLE'}]}, electionId=7fffffff0000000000000011, setVersion=1, lastWriteDate=Wed Aug 21 14:54:43 IST 2019, lastUpdateTimeNanos=297241069017916}
2019-08-21 14:54:33.558  INFO 29586 --- [ngodb.net:27017] org.mongodb.driver.cluster               : Setting max election id to 7fffffff0000000000000011 from replica set primary mflix-shard-00-00-cnrem.mongodb.net:27017
2019-08-21 14:54:33.558  INFO 29586 --- [           main] org.mongodb.driver.cluster               : Adding discovered server mflix-shard-00-01-cnrem.mongodb.net:27017 to client view of cluster
2019-08-21 14:54:33.558  INFO 29586 --- [ngodb.net:27017] org.mongodb.driver.cluster               : Setting max set version to 1 from replica set primary mflix-shard-00-00-cnrem.mongodb.net:27017
2019-08-21 14:54:33.562  INFO 29586 --- [ngodb.net:27017] org.mongodb.driver.cluster               : Discovered replica set primary mflix-shard-00-00-cnrem.mongodb.net:27017
2019-08-21 14:54:33.565  INFO 29586 --- [           main] org.mongodb.driver.cluster               : Adding discovered server mflix-shard-00-02-cnrem.mongodb.net:27017 to client view of cluster
]]></system-out>
  </testcase>
</testsuite>